Terminals unused in grammar

   ERROR


Rules useless in parser due to conflicts

   39 $@9: %empty


State 33 conflicts: 1 reduce/reduce
State 50 conflicts: 1 reduce/reduce


Grammar

    0 $accept: Program $end

    1 $@1: %empty

    2 Program: $@1 Funcs

    3 Funcs: %empty
    4      | FuncDecl Funcs

    5 $@2: %empty

    6 $@3: %empty

    7 $@4: %empty

    8 $@5: %empty

    9 $@6: %empty

   10 FuncDecl: RetType $@2 ID $@3 $@4 LPAREN Formals RPAREN LBRACE OPENSCOPE $@5 Statments $@6 CLOSESCOPE RBRACE

   11 RetType: Type
   12        | VOID

   13 Formals: %empty
   14        | FormalsList

   15 FormalsList: FormalDecl
   16            | FormalDecl COMMA FormalsList

   17 FormalDecl: Type ID
   18           | Type ID LBRACK NUM RBRACK
   19           | Type ID LBRACK NUM B RBRACK

   20 Statments: Statement
   21          | Statments Statement

   22 Statement: LBRACE OPENSCOPE Statments CLOSESCOPE RBRACE
   23          | Type ID SC
   24          | Type ID ASSIGN Exp SC
   25          | Type ID LBRACK NUM RBRACK SC
   26          | Type ID LBRACK NUM B RBRACK SC
   27          | ID ASSIGN Exp SC
   28          | ID LBRACK Exp RBRACK ASSIGN Exp SC
   29          | Call SC
   30          | RETURN SC
   31          | RETURN Exp SC
   32          | IF LPAREN Exp RPAREN OPENSCOPE Statement CLOSESCOPE
   33          | IF LPAREN Exp RPAREN OPENSCOPE Statement CLOSESCOPE ELSE OPENSCOPE Statement CLOSESCOPE

   34 $@7: %empty

   35 Statement: WHILE LPAREN Exp RPAREN $@7 OPENSCOPE Statement CLOSESCOPE
   36          | BREAK SC

   37 $@8: %empty

   38 Call: ID $@8 LPAREN ExpList RPAREN

   39 $@9: %empty

   40 Call: ID $@9 LPAREN RPAREN

   41 ExpList: Exp
   42        | Exp COMMA ExpList

   43 Type: INT
   44     | BYTE
   45     | BOOL

   46 Exp: LPAREN Exp RPAREN
   47    | ID LBRACK Exp RBRACK
   48    | Exp SUB Exp
   49    | Exp ADD Exp
   50    | Exp MUL Exp
   51    | Exp DIV Exp
   52    | ID
   53    | Call
   54    | NUM
   55    | NUM B
   56    | STRING
   57    | TRUE
   58    | FALSE
   59    | NOT Exp
   60    | Exp AND Exp
   61    | Exp OR Exp
   62    | Exp EQ Exp
   63    | Exp NEQ Exp
   64    | Exp LT Exp
   65    | Exp GT Exp
   66    | Exp LTE Exp
   67    | Exp GTE Exp

   68 OPENSCOPE: %empty

   69 CLOSESCOPE: %empty


Terminals, with rules where they appear

$end (0) 0
error (256)
ID (258) 10 17 18 19 23 24 25 26 27 28 38 40 47 52
NUM (259) 18 19 25 26 54 55
B (260) 19 26 55
STRING (261) 56
TRUE (262) 57
FALSE (263) 58
VOID (264) 12
INT (265) 43
IFX (266)
ELSE (267) 33
BOOL (268) 45
BREAK (269) 36
COMMA (270) 16 42
BYTE (271) 44
IF (272) 32 33
RETURN (273) 30 31
SC (274) 23 24 25 26 27 28 29 30 31 36
WHILE (275) 35
ERROR (276)
ASSIGN (277) 24 27 28
OR (278) 61
AND (279) 60
EQ (280) 62
NEQ (281) 63
LT (282) 64
GT (283) 65
LTE (284) 66
GTE (285) 67
ADD (286) 49
SUB (287) 48
DIV (288) 51
MUL (289) 50
NOT (290) 59
LBRACE (291) 10 22
RBRACE (292) 10 22
LBRACK (293) 18 19 25 26 28 47
RBRACK (294) 18 19 25 26 28 47
LPAREN (295) 10 32 33 35 38 40 46
RPAREN (296) 10 32 33 35 38 40 46


Nonterminals, with rules where they appear

$accept (42)
    on left: 0
Program (43)
    on left: 2, on right: 0
$@1 (44)
    on left: 1, on right: 2
Funcs (45)
    on left: 3 4, on right: 2 4
FuncDecl (46)
    on left: 10, on right: 4
$@2 (47)
    on left: 5, on right: 10
$@3 (48)
    on left: 6, on right: 10
$@4 (49)
    on left: 7, on right: 10
$@5 (50)
    on left: 8, on right: 10
$@6 (51)
    on left: 9, on right: 10
RetType (52)
    on left: 11 12, on right: 10
Formals (53)
    on left: 13 14, on right: 10
FormalsList (54)
    on left: 15 16, on right: 14 16
FormalDecl (55)
    on left: 17 18 19, on right: 15 16
Statments (56)
    on left: 20 21, on right: 10 21 22
Statement (57)
    on left: 22 23 24 25 26 27 28 29 30 31 32 33 35 36, on right: 20
    21 32 33 35
$@7 (58)
    on left: 34, on right: 35
Call (59)
    on left: 38 40, on right: 29 53
$@8 (60)
    on left: 37, on right: 38
$@9 (61)
    on left: 39, on right: 40
ExpList (62)
    on left: 41 42, on right: 38 42
Type (63)
    on left: 43 44 45, on right: 11 17 18 19 23 24 25 26
Exp (64)
    on left: 46 47 48 49 50 51 52 53 54 55 56 57 58 59 60 61 62 63
    64 65 66 67, on right: 24 27 28 31 32 33 35 41 42 46 47 48 49 50
    51 59 60 61 62 63 64 65 66 67
OPENSCOPE (65)
    on left: 68, on right: 10 22 32 33 35
CLOSESCOPE (66)
    on left: 69, on right: 10 22 32 33 35


State 0

    0 $accept: . Program $end
    1 $@1: . %empty
    2 Program: . $@1 Funcs

    $default  reduce using rule 1 ($@1)

    Program  go to state 1
    $@1      go to state 2


State 1

    0 $accept: Program . $end

    $end  shift, and go to state 3


State 2

    2 Program: $@1 . Funcs
    3 Funcs: . %empty  [$end]
    4      | . FuncDecl Funcs
   10 FuncDecl: . RetType $@2 ID $@3 $@4 LPAREN Formals RPAREN LBRACE OPENSCOPE $@5 Statments $@6 CLOSESCOPE RBRACE
   11 RetType: . Type
   12        | . VOID
   43 Type: . INT
   44     | . BYTE
   45     | . BOOL

    VOID  shift, and go to state 4
    INT   shift, and go to state 5
    BOOL  shift, and go to state 6
    BYTE  shift, and go to state 7

    $default  reduce using rule 3 (Funcs)

    Funcs     go to state 8
    FuncDecl  go to state 9
    RetType   go to state 10
    Type      go to state 11


State 3

    0 $accept: Program $end .

    $default  accept


State 4

   12 RetType: VOID .

    $default  reduce using rule 12 (RetType)


State 5

   43 Type: INT .

    $default  reduce using rule 43 (Type)


State 6

   45 Type: BOOL .

    $default  reduce using rule 45 (Type)


State 7

   44 Type: BYTE .

    $default  reduce using rule 44 (Type)


State 8

    2 Program: $@1 Funcs .

    $default  reduce using rule 2 (Program)


State 9

    3 Funcs: . %empty  [$end]
    4      | . FuncDecl Funcs
    4      | FuncDecl . Funcs
   10 FuncDecl: . RetType $@2 ID $@3 $@4 LPAREN Formals RPAREN LBRACE OPENSCOPE $@5 Statments $@6 CLOSESCOPE RBRACE
   11 RetType: . Type
   12        | . VOID
   43 Type: . INT
   44     | . BYTE
   45     | . BOOL

    VOID  shift, and go to state 4
    INT   shift, and go to state 5
    BOOL  shift, and go to state 6
    BYTE  shift, and go to state 7

    $default  reduce using rule 3 (Funcs)

    Funcs     go to state 12
    FuncDecl  go to state 9
    RetType   go to state 10
    Type      go to state 11


State 10

    5 $@2: . %empty
   10 FuncDecl: RetType . $@2 ID $@3 $@4 LPAREN Formals RPAREN LBRACE OPENSCOPE $@5 Statments $@6 CLOSESCOPE RBRACE

    $default  reduce using rule 5 ($@2)

    $@2  go to state 13


State 11

   11 RetType: Type .

    $default  reduce using rule 11 (RetType)


State 12

    4 Funcs: FuncDecl Funcs .

    $default  reduce using rule 4 (Funcs)


State 13

   10 FuncDecl: RetType $@2 . ID $@3 $@4 LPAREN Formals RPAREN LBRACE OPENSCOPE $@5 Statments $@6 CLOSESCOPE RBRACE

    ID  shift, and go to state 14


State 14

    6 $@3: . %empty
   10 FuncDecl: RetType $@2 ID . $@3 $@4 LPAREN Formals RPAREN LBRACE OPENSCOPE $@5 Statments $@6 CLOSESCOPE RBRACE

    $default  reduce using rule 6 ($@3)

    $@3  go to state 15


State 15

    7 $@4: . %empty
   10 FuncDecl: RetType $@2 ID $@3 . $@4 LPAREN Formals RPAREN LBRACE OPENSCOPE $@5 Statments $@6 CLOSESCOPE RBRACE

    $default  reduce using rule 7 ($@4)

    $@4  go to state 16


State 16

   10 FuncDecl: RetType $@2 ID $@3 $@4 . LPAREN Formals RPAREN LBRACE OPENSCOPE $@5 Statments $@6 CLOSESCOPE RBRACE

    LPAREN  shift, and go to state 17


State 17

   10 FuncDecl: RetType $@2 ID $@3 $@4 LPAREN . Formals RPAREN LBRACE OPENSCOPE $@5 Statments $@6 CLOSESCOPE RBRACE
   13 Formals: . %empty  [RPAREN]
   14        | . FormalsList
   15 FormalsList: . FormalDecl
   16            | . FormalDecl COMMA FormalsList
   17 FormalDecl: . Type ID
   18           | . Type ID LBRACK NUM RBRACK
   19           | . Type ID LBRACK NUM B RBRACK
   43 Type: . INT
   44     | . BYTE
   45     | . BOOL

    INT   shift, and go to state 5
    BOOL  shift, and go to state 6
    BYTE  shift, and go to state 7

    $default  reduce using rule 13 (Formals)

    Formals      go to state 18
    FormalsList  go to state 19
    FormalDecl   go to state 20
    Type         go to state 21


State 18

   10 FuncDecl: RetType $@2 ID $@3 $@4 LPAREN Formals . RPAREN LBRACE OPENSCOPE $@5 Statments $@6 CLOSESCOPE RBRACE

    RPAREN  shift, and go to state 22


State 19

   14 Formals: FormalsList .

    $default  reduce using rule 14 (Formals)


State 20

   15 FormalsList: FormalDecl .  [RPAREN]
   16            | FormalDecl . COMMA FormalsList

    COMMA  shift, and go to state 23

    $default  reduce using rule 15 (FormalsList)


State 21

   17 FormalDecl: Type . ID
   18           | Type . ID LBRACK NUM RBRACK
   19           | Type . ID LBRACK NUM B RBRACK

    ID  shift, and go to state 24


State 22

   10 FuncDecl: RetType $@2 ID $@3 $@4 LPAREN Formals RPAREN . LBRACE OPENSCOPE $@5 Statments $@6 CLOSESCOPE RBRACE

    LBRACE  shift, and go to state 25


State 23

   15 FormalsList: . FormalDecl
   16            | . FormalDecl COMMA FormalsList
   16            | FormalDecl COMMA . FormalsList
   17 FormalDecl: . Type ID
   18           | . Type ID LBRACK NUM RBRACK
   19           | . Type ID LBRACK NUM B RBRACK
   43 Type: . INT
   44     | . BYTE
   45     | . BOOL

    INT   shift, and go to state 5
    BOOL  shift, and go to state 6
    BYTE  shift, and go to state 7

    FormalsList  go to state 26
    FormalDecl   go to state 20
    Type         go to state 21


State 24

   17 FormalDecl: Type ID .  [COMMA, RPAREN]
   18           | Type ID . LBRACK NUM RBRACK
   19           | Type ID . LBRACK NUM B RBRACK

    LBRACK  shift, and go to state 27

    $default  reduce using rule 17 (FormalDecl)


State 25

   10 FuncDecl: RetType $@2 ID $@3 $@4 LPAREN Formals RPAREN LBRACE . OPENSCOPE $@5 Statments $@6 CLOSESCOPE RBRACE
   68 OPENSCOPE: . %empty

    $default  reduce using rule 68 (OPENSCOPE)

    OPENSCOPE  go to state 28


State 26

   16 FormalsList: FormalDecl COMMA FormalsList .

    $default  reduce using rule 16 (FormalsList)


State 27

   18 FormalDecl: Type ID LBRACK . NUM RBRACK
   19           | Type ID LBRACK . NUM B RBRACK

    NUM  shift, and go to state 29


State 28

    8 $@5: . %empty
   10 FuncDecl: RetType $@2 ID $@3 $@4 LPAREN Formals RPAREN LBRACE OPENSCOPE . $@5 Statments $@6 CLOSESCOPE RBRACE

    $default  reduce using rule 8 ($@5)

    $@5  go to state 30


State 29

   18 FormalDecl: Type ID LBRACK NUM . RBRACK
   19           | Type ID LBRACK NUM . B RBRACK

    B       shift, and go to state 31
    RBRACK  shift, and go to state 32


State 30

   10 FuncDecl: RetType $@2 ID $@3 $@4 LPAREN Formals RPAREN LBRACE OPENSCOPE $@5 . Statments $@6 CLOSESCOPE RBRACE
   20 Statments: . Statement
   21          | . Statments Statement
   22 Statement: . LBRACE OPENSCOPE Statments CLOSESCOPE RBRACE
   23          | . Type ID SC
   24          | . Type ID ASSIGN Exp SC
   25          | . Type ID LBRACK NUM RBRACK SC
   26          | . Type ID LBRACK NUM B RBRACK SC
   27          | . ID ASSIGN Exp SC
   28          | . ID LBRACK Exp RBRACK ASSIGN Exp SC
   29          | . Call SC
   30          | . RETURN SC
   31          | . RETURN Exp SC
   32          | . IF LPAREN Exp RPAREN OPENSCOPE Statement CLOSESCOPE
   33          | . IF LPAREN Exp RPAREN OPENSCOPE Statement CLOSESCOPE ELSE OPENSCOPE Statement CLOSESCOPE
   35          | . WHILE LPAREN Exp RPAREN $@7 OPENSCOPE Statement CLOSESCOPE
   36          | . BREAK SC
   38 Call: . ID $@8 LPAREN ExpList RPAREN
   40     | . ID $@9 LPAREN RPAREN
   43 Type: . INT
   44     | . BYTE
   45     | . BOOL

    ID      shift, and go to state 33
    INT     shift, and go to state 5
    BOOL    shift, and go to state 6
    BREAK   shift, and go to state 34
    BYTE    shift, and go to state 7
    IF      shift, and go to state 35
    RETURN  shift, and go to state 36
    WHILE   shift, and go to state 37
    LBRACE  shift, and go to state 38

    Statments  go to state 39
    Statement  go to state 40
    Call       go to state 41
    Type       go to state 42


State 31

   19 FormalDecl: Type ID LBRACK NUM B . RBRACK

    RBRACK  shift, and go to state 43


State 32

   18 FormalDecl: Type ID LBRACK NUM RBRACK .

    $default  reduce using rule 18 (FormalDecl)


State 33

   27 Statement: ID . ASSIGN Exp SC
   28          | ID . LBRACK Exp RBRACK ASSIGN Exp SC
   37 $@8: . %empty  [LPAREN]
   38 Call: ID . $@8 LPAREN ExpList RPAREN
   39 $@9: . %empty  [LPAREN]
   40 Call: ID . $@9 LPAREN RPAREN

    ASSIGN  shift, and go to state 44
    LBRACK  shift, and go to state 45

    LPAREN    reduce using rule 37 ($@8)
    LPAREN    [reduce using rule 39 ($@9)]
    $default  reduce using rule 37 ($@8)

    $@8  go to state 46
    $@9  go to state 47


State 34

   36 Statement: BREAK . SC

    SC  shift, and go to state 48


State 35

   32 Statement: IF . LPAREN Exp RPAREN OPENSCOPE Statement CLOSESCOPE
   33          | IF . LPAREN Exp RPAREN OPENSCOPE Statement CLOSESCOPE ELSE OPENSCOPE Statement CLOSESCOPE

    LPAREN  shift, and go to state 49


State 36

   30 Statement: RETURN . SC
   31          | RETURN . Exp SC
   38 Call: . ID $@8 LPAREN ExpList RPAREN
   40     | . ID $@9 LPAREN RPAREN
   46 Exp: . LPAREN Exp RPAREN
   47    | . ID LBRACK Exp RBRACK
   48    | . Exp SUB Exp
   49    | . Exp ADD Exp
   50    | . Exp MUL Exp
   51    | . Exp DIV Exp
   52    | . ID
   53    | . Call
   54    | . NUM
   55    | . NUM B
   56    | . STRING
   57    | . TRUE
   58    | . FALSE
   59    | . NOT Exp
   60    | . Exp AND Exp
   61    | . Exp OR Exp
   62    | . Exp EQ Exp
   63    | . Exp NEQ Exp
   64    | . Exp LT Exp
   65    | . Exp GT Exp
   66    | . Exp LTE Exp
   67    | . Exp GTE Exp

    ID      shift, and go to state 50
    NUM     shift, and go to state 51
    STRING  shift, and go to state 52
    TRUE    shift, and go to state 53
    FALSE   shift, and go to state 54
    SC      shift, and go to state 55
    NOT     shift, and go to state 56
    LPAREN  shift, and go to state 57

    Call  go to state 58
    Exp   go to state 59


State 37

   35 Statement: WHILE . LPAREN Exp RPAREN $@7 OPENSCOPE Statement CLOSESCOPE

    LPAREN  shift, and go to state 60


State 38

   22 Statement: LBRACE . OPENSCOPE Statments CLOSESCOPE RBRACE
   68 OPENSCOPE: . %empty

    $default  reduce using rule 68 (OPENSCOPE)

    OPENSCOPE  go to state 61


State 39

    9 $@6: . %empty  [RBRACE]
   10 FuncDecl: RetType $@2 ID $@3 $@4 LPAREN Formals RPAREN LBRACE OPENSCOPE $@5 Statments . $@6 CLOSESCOPE RBRACE
   21 Statments: Statments . Statement
   22 Statement: . LBRACE OPENSCOPE Statments CLOSESCOPE RBRACE
   23          | . Type ID SC
   24          | . Type ID ASSIGN Exp SC
   25          | . Type ID LBRACK NUM RBRACK SC
   26          | . Type ID LBRACK NUM B RBRACK SC
   27          | . ID ASSIGN Exp SC
   28          | . ID LBRACK Exp RBRACK ASSIGN Exp SC
   29          | . Call SC
   30          | . RETURN SC
   31          | . RETURN Exp SC
   32          | . IF LPAREN Exp RPAREN OPENSCOPE Statement CLOSESCOPE
   33          | . IF LPAREN Exp RPAREN OPENSCOPE Statement CLOSESCOPE ELSE OPENSCOPE Statement CLOSESCOPE
   35          | . WHILE LPAREN Exp RPAREN $@7 OPENSCOPE Statement CLOSESCOPE
   36          | . BREAK SC
   38 Call: . ID $@8 LPAREN ExpList RPAREN
   40     | . ID $@9 LPAREN RPAREN
   43 Type: . INT
   44     | . BYTE
   45     | . BOOL

    ID      shift, and go to state 33
    INT     shift, and go to state 5
    BOOL    shift, and go to state 6
    BREAK   shift, and go to state 34
    BYTE    shift, and go to state 7
    IF      shift, and go to state 35
    RETURN  shift, and go to state 36
    WHILE   shift, and go to state 37
    LBRACE  shift, and go to state 38

    $default  reduce using rule 9 ($@6)

    $@6        go to state 62
    Statement  go to state 63
    Call       go to state 41
    Type       go to state 42


State 40

   20 Statments: Statement .

    $default  reduce using rule 20 (Statments)


State 41

   29 Statement: Call . SC

    SC  shift, and go to state 64


State 42

   23 Statement: Type . ID SC
   24          | Type . ID ASSIGN Exp SC
   25          | Type . ID LBRACK NUM RBRACK SC
   26          | Type . ID LBRACK NUM B RBRACK SC

    ID  shift, and go to state 65


State 43

   19 FormalDecl: Type ID LBRACK NUM B RBRACK .

    $default  reduce using rule 19 (FormalDecl)


State 44

   27 Statement: ID ASSIGN . Exp SC
   38 Call: . ID $@8 LPAREN ExpList RPAREN
   40     | . ID $@9 LPAREN RPAREN
   46 Exp: . LPAREN Exp RPAREN
   47    | . ID LBRACK Exp RBRACK
   48    | . Exp SUB Exp
   49    | . Exp ADD Exp
   50    | . Exp MUL Exp
   51    | . Exp DIV Exp
   52    | . ID
   53    | . Call
   54    | . NUM
   55    | . NUM B
   56    | . STRING
   57    | . TRUE
   58    | . FALSE
   59    | . NOT Exp
   60    | . Exp AND Exp
   61    | . Exp OR Exp
   62    | . Exp EQ Exp
   63    | . Exp NEQ Exp
   64    | . Exp LT Exp
   65    | . Exp GT Exp
   66    | . Exp LTE Exp
   67    | . Exp GTE Exp

    ID      shift, and go to state 50
    NUM     shift, and go to state 51
    STRING  shift, and go to state 52
    TRUE    shift, and go to state 53
    FALSE   shift, and go to state 54
    NOT     shift, and go to state 56
    LPAREN  shift, and go to state 57

    Call  go to state 58
    Exp   go to state 66


State 45

   28 Statement: ID LBRACK . Exp RBRACK ASSIGN Exp SC
   38 Call: . ID $@8 LPAREN ExpList RPAREN
   40     | . ID $@9 LPAREN RPAREN
   46 Exp: . LPAREN Exp RPAREN
   47    | . ID LBRACK Exp RBRACK
   48    | . Exp SUB Exp
   49    | . Exp ADD Exp
   50    | . Exp MUL Exp
   51    | . Exp DIV Exp
   52    | . ID
   53    | . Call
   54    | . NUM
   55    | . NUM B
   56    | . STRING
   57    | . TRUE
   58    | . FALSE
   59    | . NOT Exp
   60    | . Exp AND Exp
   61    | . Exp OR Exp
   62    | . Exp EQ Exp
   63    | . Exp NEQ Exp
   64    | . Exp LT Exp
   65    | . Exp GT Exp
   66    | . Exp LTE Exp
   67    | . Exp GTE Exp

    ID      shift, and go to state 50
    NUM     shift, and go to state 51
    STRING  shift, and go to state 52
    TRUE    shift, and go to state 53
    FALSE   shift, and go to state 54
    NOT     shift, and go to state 56
    LPAREN  shift, and go to state 57

    Call  go to state 58
    Exp   go to state 67


State 46

   38 Call: ID $@8 . LPAREN ExpList RPAREN

    LPAREN  shift, and go to state 68


State 47

   40 Call: ID $@9 . LPAREN RPAREN

    LPAREN  shift, and go to state 69


State 48

   36 Statement: BREAK SC .

    $default  reduce using rule 36 (Statement)


State 49

   32 Statement: IF LPAREN . Exp RPAREN OPENSCOPE Statement CLOSESCOPE
   33          | IF LPAREN . Exp RPAREN OPENSCOPE Statement CLOSESCOPE ELSE OPENSCOPE Statement CLOSESCOPE
   38 Call: . ID $@8 LPAREN ExpList RPAREN
   40     | . ID $@9 LPAREN RPAREN
   46 Exp: . LPAREN Exp RPAREN
   47    | . ID LBRACK Exp RBRACK
   48    | . Exp SUB Exp
   49    | . Exp ADD Exp
   50    | . Exp MUL Exp
   51    | . Exp DIV Exp
   52    | . ID
   53    | . Call
   54    | . NUM
   55    | . NUM B
   56    | . STRING
   57    | . TRUE
   58    | . FALSE
   59    | . NOT Exp
   60    | . Exp AND Exp
   61    | . Exp OR Exp
   62    | . Exp EQ Exp
   63    | . Exp NEQ Exp
   64    | . Exp LT Exp
   65    | . Exp GT Exp
   66    | . Exp LTE Exp
   67    | . Exp GTE Exp

    ID      shift, and go to state 50
    NUM     shift, and go to state 51
    STRING  shift, and go to state 52
    TRUE    shift, and go to state 53
    FALSE   shift, and go to state 54
    NOT     shift, and go to state 56
    LPAREN  shift, and go to state 57

    Call  go to state 58
    Exp   go to state 70


State 50

   37 $@8: . %empty  [LPAREN]
   38 Call: ID . $@8 LPAREN ExpList RPAREN
   39 $@9: . %empty  [LPAREN]
   40 Call: ID . $@9 LPAREN RPAREN
   47 Exp: ID . LBRACK Exp RBRACK
   52    | ID .  [COMMA, SC, OR, AND, EQ, NEQ, LT, GT, LTE, GTE, ADD, SUB, DIV, MUL, RBRACK, RPAREN]

    LBRACK  shift, and go to state 71

    LPAREN    reduce using rule 37 ($@8)
    LPAREN    [reduce using rule 39 ($@9)]
    $default  reduce using rule 52 (Exp)

    $@8  go to state 46
    $@9  go to state 47


State 51

   54 Exp: NUM .  [COMMA, SC, OR, AND, EQ, NEQ, LT, GT, LTE, GTE, ADD, SUB, DIV, MUL, RBRACK, RPAREN]
   55    | NUM . B

    B  shift, and go to state 72

    $default  reduce using rule 54 (Exp)


State 52

   56 Exp: STRING .

    $default  reduce using rule 56 (Exp)


State 53

   57 Exp: TRUE .

    $default  reduce using rule 57 (Exp)


State 54

   58 Exp: FALSE .

    $default  reduce using rule 58 (Exp)


State 55

   30 Statement: RETURN SC .

    $default  reduce using rule 30 (Statement)


State 56

   38 Call: . ID $@8 LPAREN ExpList RPAREN
   40     | . ID $@9 LPAREN RPAREN
   46 Exp: . LPAREN Exp RPAREN
   47    | . ID LBRACK Exp RBRACK
   48    | . Exp SUB Exp
   49    | . Exp ADD Exp
   50    | . Exp MUL Exp
   51    | . Exp DIV Exp
   52    | . ID
   53    | . Call
   54    | . NUM
   55    | . NUM B
   56    | . STRING
   57    | . TRUE
   58    | . FALSE
   59    | . NOT Exp
   59    | NOT . Exp
   60    | . Exp AND Exp
   61    | . Exp OR Exp
   62    | . Exp EQ Exp
   63    | . Exp NEQ Exp
   64    | . Exp LT Exp
   65    | . Exp GT Exp
   66    | . Exp LTE Exp
   67    | . Exp GTE Exp

    ID      shift, and go to state 50
    NUM     shift, and go to state 51
    STRING  shift, and go to state 52
    TRUE    shift, and go to state 53
    FALSE   shift, and go to state 54
    NOT     shift, and go to state 56
    LPAREN  shift, and go to state 57

    Call  go to state 58
    Exp   go to state 73


State 57

   38 Call: . ID $@8 LPAREN ExpList RPAREN
   40     | . ID $@9 LPAREN RPAREN
   46 Exp: . LPAREN Exp RPAREN
   46    | LPAREN . Exp RPAREN
   47    | . ID LBRACK Exp RBRACK
   48    | . Exp SUB Exp
   49    | . Exp ADD Exp
   50    | . Exp MUL Exp
   51    | . Exp DIV Exp
   52    | . ID
   53    | . Call
   54    | . NUM
   55    | . NUM B
   56    | . STRING
   57    | . TRUE
   58    | . FALSE
   59    | . NOT Exp
   60    | . Exp AND Exp
   61    | . Exp OR Exp
   62    | . Exp EQ Exp
   63    | . Exp NEQ Exp
   64    | . Exp LT Exp
   65    | . Exp GT Exp
   66    | . Exp LTE Exp
   67    | . Exp GTE Exp

    ID      shift, and go to state 50
    NUM     shift, and go to state 51
    STRING  shift, and go to state 52
    TRUE    shift, and go to state 53
    FALSE   shift, and go to state 54
    NOT     shift, and go to state 56
    LPAREN  shift, and go to state 57

    Call  go to state 58
    Exp   go to state 74


State 58

   53 Exp: Call .

    $default  reduce using rule 53 (Exp)


State 59

   31 Statement: RETURN Exp . SC
   48 Exp: Exp . SUB Exp
   49    | Exp . ADD Exp
   50    | Exp . MUL Exp
   51    | Exp . DIV Exp
   60    | Exp . AND Exp
   61    | Exp . OR Exp
   62    | Exp . EQ Exp
   63    | Exp . NEQ Exp
   64    | Exp . LT Exp
   65    | Exp . GT Exp
   66    | Exp . LTE Exp
   67    | Exp . GTE Exp

    SC   shift, and go to state 75
    OR   shift, and go to state 76
    AND  shift, and go to state 77
    EQ   shift, and go to state 78
    NEQ  shift, and go to state 79
    LT   shift, and go to state 80
    GT   shift, and go to state 81
    LTE  shift, and go to state 82
    GTE  shift, and go to state 83
    ADD  shift, and go to state 84
    SUB  shift, and go to state 85
    DIV  shift, and go to state 86
    MUL  shift, and go to state 87


State 60

   35 Statement: WHILE LPAREN . Exp RPAREN $@7 OPENSCOPE Statement CLOSESCOPE
   38 Call: . ID $@8 LPAREN ExpList RPAREN
   40     | . ID $@9 LPAREN RPAREN
   46 Exp: . LPAREN Exp RPAREN
   47    | . ID LBRACK Exp RBRACK
   48    | . Exp SUB Exp
   49    | . Exp ADD Exp
   50    | . Exp MUL Exp
   51    | . Exp DIV Exp
   52    | . ID
   53    | . Call
   54    | . NUM
   55    | . NUM B
   56    | . STRING
   57    | . TRUE
   58    | . FALSE
   59    | . NOT Exp
   60    | . Exp AND Exp
   61    | . Exp OR Exp
   62    | . Exp EQ Exp
   63    | . Exp NEQ Exp
   64    | . Exp LT Exp
   65    | . Exp GT Exp
   66    | . Exp LTE Exp
   67    | . Exp GTE Exp

    ID      shift, and go to state 50
    NUM     shift, and go to state 51
    STRING  shift, and go to state 52
    TRUE    shift, and go to state 53
    FALSE   shift, and go to state 54
    NOT     shift, and go to state 56
    LPAREN  shift, and go to state 57

    Call  go to state 58
    Exp   go to state 88


State 61

   20 Statments: . Statement
   21          | . Statments Statement
   22 Statement: . LBRACE OPENSCOPE Statments CLOSESCOPE RBRACE
   22          | LBRACE OPENSCOPE . Statments CLOSESCOPE RBRACE
   23          | . Type ID SC
   24          | . Type ID ASSIGN Exp SC
   25          | . Type ID LBRACK NUM RBRACK SC
   26          | . Type ID LBRACK NUM B RBRACK SC
   27          | . ID ASSIGN Exp SC
   28          | . ID LBRACK Exp RBRACK ASSIGN Exp SC
   29          | . Call SC
   30          | . RETURN SC
   31          | . RETURN Exp SC
   32          | . IF LPAREN Exp RPAREN OPENSCOPE Statement CLOSESCOPE
   33          | . IF LPAREN Exp RPAREN OPENSCOPE Statement CLOSESCOPE ELSE OPENSCOPE Statement CLOSESCOPE
   35          | . WHILE LPAREN Exp RPAREN $@7 OPENSCOPE Statement CLOSESCOPE
   36          | . BREAK SC
   38 Call: . ID $@8 LPAREN ExpList RPAREN
   40     | . ID $@9 LPAREN RPAREN
   43 Type: . INT
   44     | . BYTE
   45     | . BOOL

    ID      shift, and go to state 33
    INT     shift, and go to state 5
    BOOL    shift, and go to state 6
    BREAK   shift, and go to state 34
    BYTE    shift, and go to state 7
    IF      shift, and go to state 35
    RETURN  shift, and go to state 36
    WHILE   shift, and go to state 37
    LBRACE  shift, and go to state 38

    Statments  go to state 89
    Statement  go to state 40
    Call       go to state 41
    Type       go to state 42


State 62

   10 FuncDecl: RetType $@2 ID $@3 $@4 LPAREN Formals RPAREN LBRACE OPENSCOPE $@5 Statments $@6 . CLOSESCOPE RBRACE
   69 CLOSESCOPE: . %empty

    $default  reduce using rule 69 (CLOSESCOPE)

    CLOSESCOPE  go to state 90


State 63

   21 Statments: Statments Statement .

    $default  reduce using rule 21 (Statments)


State 64

   29 Statement: Call SC .

    $default  reduce using rule 29 (Statement)


State 65

   23 Statement: Type ID . SC
   24          | Type ID . ASSIGN Exp SC
   25          | Type ID . LBRACK NUM RBRACK SC
   26          | Type ID . LBRACK NUM B RBRACK SC

    SC      shift, and go to state 91
    ASSIGN  shift, and go to state 92
    LBRACK  shift, and go to state 93


State 66

   27 Statement: ID ASSIGN Exp . SC
   48 Exp: Exp . SUB Exp
   49    | Exp . ADD Exp
   50    | Exp . MUL Exp
   51    | Exp . DIV Exp
   60    | Exp . AND Exp
   61    | Exp . OR Exp
   62    | Exp . EQ Exp
   63    | Exp . NEQ Exp
   64    | Exp . LT Exp
   65    | Exp . GT Exp
   66    | Exp . LTE Exp
   67    | Exp . GTE Exp

    SC   shift, and go to state 94
    OR   shift, and go to state 76
    AND  shift, and go to state 77
    EQ   shift, and go to state 78
    NEQ  shift, and go to state 79
    LT   shift, and go to state 80
    GT   shift, and go to state 81
    LTE  shift, and go to state 82
    GTE  shift, and go to state 83
    ADD  shift, and go to state 84
    SUB  shift, and go to state 85
    DIV  shift, and go to state 86
    MUL  shift, and go to state 87


State 67

   28 Statement: ID LBRACK Exp . RBRACK ASSIGN Exp SC
   48 Exp: Exp . SUB Exp
   49    | Exp . ADD Exp
   50    | Exp . MUL Exp
   51    | Exp . DIV Exp
   60    | Exp . AND Exp
   61    | Exp . OR Exp
   62    | Exp . EQ Exp
   63    | Exp . NEQ Exp
   64    | Exp . LT Exp
   65    | Exp . GT Exp
   66    | Exp . LTE Exp
   67    | Exp . GTE Exp

    OR      shift, and go to state 76
    AND     shift, and go to state 77
    EQ      shift, and go to state 78
    NEQ     shift, and go to state 79
    LT      shift, and go to state 80
    GT      shift, and go to state 81
    LTE     shift, and go to state 82
    GTE     shift, and go to state 83
    ADD     shift, and go to state 84
    SUB     shift, and go to state 85
    DIV     shift, and go to state 86
    MUL     shift, and go to state 87
    RBRACK  shift, and go to state 95


State 68

   38 Call: . ID $@8 LPAREN ExpList RPAREN
   38     | ID $@8 LPAREN . ExpList RPAREN
   40     | . ID $@9 LPAREN RPAREN
   41 ExpList: . Exp
   42        | . Exp COMMA ExpList
   46 Exp: . LPAREN Exp RPAREN
   47    | . ID LBRACK Exp RBRACK
   48    | . Exp SUB Exp
   49    | . Exp ADD Exp
   50    | . Exp MUL Exp
   51    | . Exp DIV Exp
   52    | . ID
   53    | . Call
   54    | . NUM
   55    | . NUM B
   56    | . STRING
   57    | . TRUE
   58    | . FALSE
   59    | . NOT Exp
   60    | . Exp AND Exp
   61    | . Exp OR Exp
   62    | . Exp EQ Exp
   63    | . Exp NEQ Exp
   64    | . Exp LT Exp
   65    | . Exp GT Exp
   66    | . Exp LTE Exp
   67    | . Exp GTE Exp

    ID      shift, and go to state 50
    NUM     shift, and go to state 51
    STRING  shift, and go to state 52
    TRUE    shift, and go to state 53
    FALSE   shift, and go to state 54
    NOT     shift, and go to state 56
    LPAREN  shift, and go to state 57

    Call     go to state 58
    ExpList  go to state 96
    Exp      go to state 97


State 69

   40 Call: ID $@9 LPAREN . RPAREN

    RPAREN  shift, and go to state 98


State 70

   32 Statement: IF LPAREN Exp . RPAREN OPENSCOPE Statement CLOSESCOPE
   33          | IF LPAREN Exp . RPAREN OPENSCOPE Statement CLOSESCOPE ELSE OPENSCOPE Statement CLOSESCOPE
   48 Exp: Exp . SUB Exp
   49    | Exp . ADD Exp
   50    | Exp . MUL Exp
   51    | Exp . DIV Exp
   60    | Exp . AND Exp
   61    | Exp . OR Exp
   62    | Exp . EQ Exp
   63    | Exp . NEQ Exp
   64    | Exp . LT Exp
   65    | Exp . GT Exp
   66    | Exp . LTE Exp
   67    | Exp . GTE Exp

    OR      shift, and go to state 76
    AND     shift, and go to state 77
    EQ      shift, and go to state 78
    NEQ     shift, and go to state 79
    LT      shift, and go to state 80
    GT      shift, and go to state 81
    LTE     shift, and go to state 82
    GTE     shift, and go to state 83
    ADD     shift, and go to state 84
    SUB     shift, and go to state 85
    DIV     shift, and go to state 86
    MUL     shift, and go to state 87
    RPAREN  shift, and go to state 99


State 71

   38 Call: . ID $@8 LPAREN ExpList RPAREN
   40     | . ID $@9 LPAREN RPAREN
   46 Exp: . LPAREN Exp RPAREN
   47    | . ID LBRACK Exp RBRACK
   47    | ID LBRACK . Exp RBRACK
   48    | . Exp SUB Exp
   49    | . Exp ADD Exp
   50    | . Exp MUL Exp
   51    | . Exp DIV Exp
   52    | . ID
   53    | . Call
   54    | . NUM
   55    | . NUM B
   56    | . STRING
   57    | . TRUE
   58    | . FALSE
   59    | . NOT Exp
   60    | . Exp AND Exp
   61    | . Exp OR Exp
   62    | . Exp EQ Exp
   63    | . Exp NEQ Exp
   64    | . Exp LT Exp
   65    | . Exp GT Exp
   66    | . Exp LTE Exp
   67    | . Exp GTE Exp

    ID      shift, and go to state 50
    NUM     shift, and go to state 51
    STRING  shift, and go to state 52
    TRUE    shift, and go to state 53
    FALSE   shift, and go to state 54
    NOT     shift, and go to state 56
    LPAREN  shift, and go to state 57

    Call  go to state 58
    Exp   go to state 100


State 72

   55 Exp: NUM B .

    $default  reduce using rule 55 (Exp)


State 73

   48 Exp: Exp . SUB Exp
   49    | Exp . ADD Exp
   50    | Exp . MUL Exp
   51    | Exp . DIV Exp
   59    | NOT Exp .  [COMMA, SC, OR, AND, EQ, NEQ, LT, GT, LTE, GTE, ADD, SUB, DIV, MUL, RBRACK, RPAREN]
   60    | Exp . AND Exp
   61    | Exp . OR Exp
   62    | Exp . EQ Exp
   63    | Exp . NEQ Exp
   64    | Exp . LT Exp
   65    | Exp . GT Exp
   66    | Exp . LTE Exp
   67    | Exp . GTE Exp

    $default  reduce using rule 59 (Exp)

    Conflict between rule 59 and token OR resolved as reduce (OR < NOT).
    Conflict between rule 59 and token AND resolved as reduce (AND < NOT).
    Conflict between rule 59 and token EQ resolved as reduce (EQ < NOT).
    Conflict between rule 59 and token NEQ resolved as reduce (NEQ < NOT).
    Conflict between rule 59 and token LT resolved as reduce (LT < NOT).
    Conflict between rule 59 and token GT resolved as reduce (GT < NOT).
    Conflict between rule 59 and token LTE resolved as reduce (LTE < NOT).
    Conflict between rule 59 and token GTE resolved as reduce (GTE < NOT).
    Conflict between rule 59 and token ADD resolved as reduce (ADD < NOT).
    Conflict between rule 59 and token SUB resolved as reduce (SUB < NOT).
    Conflict between rule 59 and token DIV resolved as reduce (DIV < NOT).
    Conflict between rule 59 and token MUL resolved as reduce (MUL < NOT).


State 74

   46 Exp: LPAREN Exp . RPAREN
   48    | Exp . SUB Exp
   49    | Exp . ADD Exp
   50    | Exp . MUL Exp
   51    | Exp . DIV Exp
   60    | Exp . AND Exp
   61    | Exp . OR Exp
   62    | Exp . EQ Exp
   63    | Exp . NEQ Exp
   64    | Exp . LT Exp
   65    | Exp . GT Exp
   66    | Exp . LTE Exp
   67    | Exp . GTE Exp

    OR      shift, and go to state 76
    AND     shift, and go to state 77
    EQ      shift, and go to state 78
    NEQ     shift, and go to state 79
    LT      shift, and go to state 80
    GT      shift, and go to state 81
    LTE     shift, and go to state 82
    GTE     shift, and go to state 83
    ADD     shift, and go to state 84
    SUB     shift, and go to state 85
    DIV     shift, and go to state 86
    MUL     shift, and go to state 87
    RPAREN  shift, and go to state 101


State 75

   31 Statement: RETURN Exp SC .

    $default  reduce using rule 31 (Statement)


State 76

   38 Call: . ID $@8 LPAREN ExpList RPAREN
   40     | . ID $@9 LPAREN RPAREN
   46 Exp: . LPAREN Exp RPAREN
   47    | . ID LBRACK Exp RBRACK
   48    | . Exp SUB Exp
   49    | . Exp ADD Exp
   50    | . Exp MUL Exp
   51    | . Exp DIV Exp
   52    | . ID
   53    | . Call
   54    | . NUM
   55    | . NUM B
   56    | . STRING
   57    | . TRUE
   58    | . FALSE
   59    | . NOT Exp
   60    | . Exp AND Exp
   61    | . Exp OR Exp
   61    | Exp OR . Exp
   62    | . Exp EQ Exp
   63    | . Exp NEQ Exp
   64    | . Exp LT Exp
   65    | . Exp GT Exp
   66    | . Exp LTE Exp
   67    | . Exp GTE Exp

    ID      shift, and go to state 50
    NUM     shift, and go to state 51
    STRING  shift, and go to state 52
    TRUE    shift, and go to state 53
    FALSE   shift, and go to state 54
    NOT     shift, and go to state 56
    LPAREN  shift, and go to state 57

    Call  go to state 58
    Exp   go to state 102


State 77

   38 Call: . ID $@8 LPAREN ExpList RPAREN
   40     | . ID $@9 LPAREN RPAREN
   46 Exp: . LPAREN Exp RPAREN
   47    | . ID LBRACK Exp RBRACK
   48    | . Exp SUB Exp
   49    | . Exp ADD Exp
   50    | . Exp MUL Exp
   51    | . Exp DIV Exp
   52    | . ID
   53    | . Call
   54    | . NUM
   55    | . NUM B
   56    | . STRING
   57    | . TRUE
   58    | . FALSE
   59    | . NOT Exp
   60    | . Exp AND Exp
   60    | Exp AND . Exp
   61    | . Exp OR Exp
   62    | . Exp EQ Exp
   63    | . Exp NEQ Exp
   64    | . Exp LT Exp
   65    | . Exp GT Exp
   66    | . Exp LTE Exp
   67    | . Exp GTE Exp

    ID      shift, and go to state 50
    NUM     shift, and go to state 51
    STRING  shift, and go to state 52
    TRUE    shift, and go to state 53
    FALSE   shift, and go to state 54
    NOT     shift, and go to state 56
    LPAREN  shift, and go to state 57

    Call  go to state 58
    Exp   go to state 103


State 78

   38 Call: . ID $@8 LPAREN ExpList RPAREN
   40     | . ID $@9 LPAREN RPAREN
   46 Exp: . LPAREN Exp RPAREN
   47    | . ID LBRACK Exp RBRACK
   48    | . Exp SUB Exp
   49    | . Exp ADD Exp
   50    | . Exp MUL Exp
   51    | . Exp DIV Exp
   52    | . ID
   53    | . Call
   54    | . NUM
   55    | . NUM B
   56    | . STRING
   57    | . TRUE
   58    | . FALSE
   59    | . NOT Exp
   60    | . Exp AND Exp
   61    | . Exp OR Exp
   62    | . Exp EQ Exp
   62    | Exp EQ . Exp
   63    | . Exp NEQ Exp
   64    | . Exp LT Exp
   65    | . Exp GT Exp
   66    | . Exp LTE Exp
   67    | . Exp GTE Exp

    ID      shift, and go to state 50
    NUM     shift, and go to state 51
    STRING  shift, and go to state 52
    TRUE    shift, and go to state 53
    FALSE   shift, and go to state 54
    NOT     shift, and go to state 56
    LPAREN  shift, and go to state 57

    Call  go to state 58
    Exp   go to state 104


State 79

   38 Call: . ID $@8 LPAREN ExpList RPAREN
   40     | . ID $@9 LPAREN RPAREN
   46 Exp: . LPAREN Exp RPAREN
   47    | . ID LBRACK Exp RBRACK
   48    | . Exp SUB Exp
   49    | . Exp ADD Exp
   50    | . Exp MUL Exp
   51    | . Exp DIV Exp
   52    | . ID
   53    | . Call
   54    | . NUM
   55    | . NUM B
   56    | . STRING
   57    | . TRUE
   58    | . FALSE
   59    | . NOT Exp
   60    | . Exp AND Exp
   61    | . Exp OR Exp
   62    | . Exp EQ Exp
   63    | . Exp NEQ Exp
   63    | Exp NEQ . Exp
   64    | . Exp LT Exp
   65    | . Exp GT Exp
   66    | . Exp LTE Exp
   67    | . Exp GTE Exp

    ID      shift, and go to state 50
    NUM     shift, and go to state 51
    STRING  shift, and go to state 52
    TRUE    shift, and go to state 53
    FALSE   shift, and go to state 54
    NOT     shift, and go to state 56
    LPAREN  shift, and go to state 57

    Call  go to state 58
    Exp   go to state 105


State 80

   38 Call: . ID $@8 LPAREN ExpList RPAREN
   40     | . ID $@9 LPAREN RPAREN
   46 Exp: . LPAREN Exp RPAREN
   47    | . ID LBRACK Exp RBRACK
   48    | . Exp SUB Exp
   49    | . Exp ADD Exp
   50    | . Exp MUL Exp
   51    | . Exp DIV Exp
   52    | . ID
   53    | . Call
   54    | . NUM
   55    | . NUM B
   56    | . STRING
   57    | . TRUE
   58    | . FALSE
   59    | . NOT Exp
   60    | . Exp AND Exp
   61    | . Exp OR Exp
   62    | . Exp EQ Exp
   63    | . Exp NEQ Exp
   64    | . Exp LT Exp
   64    | Exp LT . Exp
   65    | . Exp GT Exp
   66    | . Exp LTE Exp
   67    | . Exp GTE Exp

    ID      shift, and go to state 50
    NUM     shift, and go to state 51
    STRING  shift, and go to state 52
    TRUE    shift, and go to state 53
    FALSE   shift, and go to state 54
    NOT     shift, and go to state 56
    LPAREN  shift, and go to state 57

    Call  go to state 58
    Exp   go to state 106


State 81

   38 Call: . ID $@8 LPAREN ExpList RPAREN
   40     | . ID $@9 LPAREN RPAREN
   46 Exp: . LPAREN Exp RPAREN
   47    | . ID LBRACK Exp RBRACK
   48    | . Exp SUB Exp
   49    | . Exp ADD Exp
   50    | . Exp MUL Exp
   51    | . Exp DIV Exp
   52    | . ID
   53    | . Call
   54    | . NUM
   55    | . NUM B
   56    | . STRING
   57    | . TRUE
   58    | . FALSE
   59    | . NOT Exp
   60    | . Exp AND Exp
   61    | . Exp OR Exp
   62    | . Exp EQ Exp
   63    | . Exp NEQ Exp
   64    | . Exp LT Exp
   65    | . Exp GT Exp
   65    | Exp GT . Exp
   66    | . Exp LTE Exp
   67    | . Exp GTE Exp

    ID      shift, and go to state 50
    NUM     shift, and go to state 51
    STRING  shift, and go to state 52
    TRUE    shift, and go to state 53
    FALSE   shift, and go to state 54
    NOT     shift, and go to state 56
    LPAREN  shift, and go to state 57

    Call  go to state 58
    Exp   go to state 107


State 82

   38 Call: . ID $@8 LPAREN ExpList RPAREN
   40     | . ID $@9 LPAREN RPAREN
   46 Exp: . LPAREN Exp RPAREN
   47    | . ID LBRACK Exp RBRACK
   48    | . Exp SUB Exp
   49    | . Exp ADD Exp
   50    | . Exp MUL Exp
   51    | . Exp DIV Exp
   52    | . ID
   53    | . Call
   54    | . NUM
   55    | . NUM B
   56    | . STRING
   57    | . TRUE
   58    | . FALSE
   59    | . NOT Exp
   60    | . Exp AND Exp
   61    | . Exp OR Exp
   62    | . Exp EQ Exp
   63    | . Exp NEQ Exp
   64    | . Exp LT Exp
   65    | . Exp GT Exp
   66    | . Exp LTE Exp
   66    | Exp LTE . Exp
   67    | . Exp GTE Exp

    ID      shift, and go to state 50
    NUM     shift, and go to state 51
    STRING  shift, and go to state 52
    TRUE    shift, and go to state 53
    FALSE   shift, and go to state 54
    NOT     shift, and go to state 56
    LPAREN  shift, and go to state 57

    Call  go to state 58
    Exp   go to state 108


State 83

   38 Call: . ID $@8 LPAREN ExpList RPAREN
   40     | . ID $@9 LPAREN RPAREN
   46 Exp: . LPAREN Exp RPAREN
   47    | . ID LBRACK Exp RBRACK
   48    | . Exp SUB Exp
   49    | . Exp ADD Exp
   50    | . Exp MUL Exp
   51    | . Exp DIV Exp
   52    | . ID
   53    | . Call
   54    | . NUM
   55    | . NUM B
   56    | . STRING
   57    | . TRUE
   58    | . FALSE
   59    | . NOT Exp
   60    | . Exp AND Exp
   61    | . Exp OR Exp
   62    | . Exp EQ Exp
   63    | . Exp NEQ Exp
   64    | . Exp LT Exp
   65    | . Exp GT Exp
   66    | . Exp LTE Exp
   67    | . Exp GTE Exp
   67    | Exp GTE . Exp

    ID      shift, and go to state 50
    NUM     shift, and go to state 51
    STRING  shift, and go to state 52
    TRUE    shift, and go to state 53
    FALSE   shift, and go to state 54
    NOT     shift, and go to state 56
    LPAREN  shift, and go to state 57

    Call  go to state 58
    Exp   go to state 109


State 84

   38 Call: . ID $@8 LPAREN ExpList RPAREN
   40     | . ID $@9 LPAREN RPAREN
   46 Exp: . LPAREN Exp RPAREN
   47    | . ID LBRACK Exp RBRACK
   48    | . Exp SUB Exp
   49    | . Exp ADD Exp
   49    | Exp ADD . Exp
   50    | . Exp MUL Exp
   51    | . Exp DIV Exp
   52    | . ID
   53    | . Call
   54    | . NUM
   55    | . NUM B
   56    | . STRING
   57    | . TRUE
   58    | . FALSE
   59    | . NOT Exp
   60    | . Exp AND Exp
   61    | . Exp OR Exp
   62    | . Exp EQ Exp
   63    | . Exp NEQ Exp
   64    | . Exp LT Exp
   65    | . Exp GT Exp
   66    | . Exp LTE Exp
   67    | . Exp GTE Exp

    ID      shift, and go to state 50
    NUM     shift, and go to state 51
    STRING  shift, and go to state 52
    TRUE    shift, and go to state 53
    FALSE   shift, and go to state 54
    NOT     shift, and go to state 56
    LPAREN  shift, and go to state 57

    Call  go to state 58
    Exp   go to state 110


State 85

   38 Call: . ID $@8 LPAREN ExpList RPAREN
   40     | . ID $@9 LPAREN RPAREN
   46 Exp: . LPAREN Exp RPAREN
   47    | . ID LBRACK Exp RBRACK
   48    | . Exp SUB Exp
   48    | Exp SUB . Exp
   49    | . Exp ADD Exp
   50    | . Exp MUL Exp
   51    | . Exp DIV Exp
   52    | . ID
   53    | . Call
   54    | . NUM
   55    | . NUM B
   56    | . STRING
   57    | . TRUE
   58    | . FALSE
   59    | . NOT Exp
   60    | . Exp AND Exp
   61    | . Exp OR Exp
   62    | . Exp EQ Exp
   63    | . Exp NEQ Exp
   64    | . Exp LT Exp
   65    | . Exp GT Exp
   66    | . Exp LTE Exp
   67    | . Exp GTE Exp

    ID      shift, and go to state 50
    NUM     shift, and go to state 51
    STRING  shift, and go to state 52
    TRUE    shift, and go to state 53
    FALSE   shift, and go to state 54
    NOT     shift, and go to state 56
    LPAREN  shift, and go to state 57

    Call  go to state 58
    Exp   go to state 111


State 86

   38 Call: . ID $@8 LPAREN ExpList RPAREN
   40     | . ID $@9 LPAREN RPAREN
   46 Exp: . LPAREN Exp RPAREN
   47    | . ID LBRACK Exp RBRACK
   48    | . Exp SUB Exp
   49    | . Exp ADD Exp
   50    | . Exp MUL Exp
   51    | . Exp DIV Exp
   51    | Exp DIV . Exp
   52    | . ID
   53    | . Call
   54    | . NUM
   55    | . NUM B
   56    | . STRING
   57    | . TRUE
   58    | . FALSE
   59    | . NOT Exp
   60    | . Exp AND Exp
   61    | . Exp OR Exp
   62    | . Exp EQ Exp
   63    | . Exp NEQ Exp
   64    | . Exp LT Exp
   65    | . Exp GT Exp
   66    | . Exp LTE Exp
   67    | . Exp GTE Exp

    ID      shift, and go to state 50
    NUM     shift, and go to state 51
    STRING  shift, and go to state 52
    TRUE    shift, and go to state 53
    FALSE   shift, and go to state 54
    NOT     shift, and go to state 56
    LPAREN  shift, and go to state 57

    Call  go to state 58
    Exp   go to state 112


State 87

   38 Call: . ID $@8 LPAREN ExpList RPAREN
   40     | . ID $@9 LPAREN RPAREN
   46 Exp: . LPAREN Exp RPAREN
   47    | . ID LBRACK Exp RBRACK
   48    | . Exp SUB Exp
   49    | . Exp ADD Exp
   50    | . Exp MUL Exp
   50    | Exp MUL . Exp
   51    | . Exp DIV Exp
   52    | . ID
   53    | . Call
   54    | . NUM
   55    | . NUM B
   56    | . STRING
   57    | . TRUE
   58    | . FALSE
   59    | . NOT Exp
   60    | . Exp AND Exp
   61    | . Exp OR Exp
   62    | . Exp EQ Exp
   63    | . Exp NEQ Exp
   64    | . Exp LT Exp
   65    | . Exp GT Exp
   66    | . Exp LTE Exp
   67    | . Exp GTE Exp

    ID      shift, and go to state 50
    NUM     shift, and go to state 51
    STRING  shift, and go to state 52
    TRUE    shift, and go to state 53
    FALSE   shift, and go to state 54
    NOT     shift, and go to state 56
    LPAREN  shift, and go to state 57

    Call  go to state 58
    Exp   go to state 113


State 88

   35 Statement: WHILE LPAREN Exp . RPAREN $@7 OPENSCOPE Statement CLOSESCOPE
   48 Exp: Exp . SUB Exp
   49    | Exp . ADD Exp
   50    | Exp . MUL Exp
   51    | Exp . DIV Exp
   60    | Exp . AND Exp
   61    | Exp . OR Exp
   62    | Exp . EQ Exp
   63    | Exp . NEQ Exp
   64    | Exp . LT Exp
   65    | Exp . GT Exp
   66    | Exp . LTE Exp
   67    | Exp . GTE Exp

    OR      shift, and go to state 76
    AND     shift, and go to state 77
    EQ      shift, and go to state 78
    NEQ     shift, and go to state 79
    LT      shift, and go to state 80
    GT      shift, and go to state 81
    LTE     shift, and go to state 82
    GTE     shift, and go to state 83
    ADD     shift, and go to state 84
    SUB     shift, and go to state 85
    DIV     shift, and go to state 86
    MUL     shift, and go to state 87
    RPAREN  shift, and go to state 114


State 89

   21 Statments: Statments . Statement
   22 Statement: . LBRACE OPENSCOPE Statments CLOSESCOPE RBRACE
   22          | LBRACE OPENSCOPE Statments . CLOSESCOPE RBRACE
   23          | . Type ID SC
   24          | . Type ID ASSIGN Exp SC
   25          | . Type ID LBRACK NUM RBRACK SC
   26          | . Type ID LBRACK NUM B RBRACK SC
   27          | . ID ASSIGN Exp SC
   28          | . ID LBRACK Exp RBRACK ASSIGN Exp SC
   29          | . Call SC
   30          | . RETURN SC
   31          | . RETURN Exp SC
   32          | . IF LPAREN Exp RPAREN OPENSCOPE Statement CLOSESCOPE
   33          | . IF LPAREN Exp RPAREN OPENSCOPE Statement CLOSESCOPE ELSE OPENSCOPE Statement CLOSESCOPE
   35          | . WHILE LPAREN Exp RPAREN $@7 OPENSCOPE Statement CLOSESCOPE
   36          | . BREAK SC
   38 Call: . ID $@8 LPAREN ExpList RPAREN
   40     | . ID $@9 LPAREN RPAREN
   43 Type: . INT
   44     | . BYTE
   45     | . BOOL
   69 CLOSESCOPE: . %empty  [RBRACE]

    ID      shift, and go to state 33
    INT     shift, and go to state 5
    BOOL    shift, and go to state 6
    BREAK   shift, and go to state 34
    BYTE    shift, and go to state 7
    IF      shift, and go to state 35
    RETURN  shift, and go to state 36
    WHILE   shift, and go to state 37
    LBRACE  shift, and go to state 38

    $default  reduce using rule 69 (CLOSESCOPE)

    Statement   go to state 63
    Call        go to state 41
    Type        go to state 42
    CLOSESCOPE  go to state 115


State 90

   10 FuncDecl: RetType $@2 ID $@3 $@4 LPAREN Formals RPAREN LBRACE OPENSCOPE $@5 Statments $@6 CLOSESCOPE . RBRACE

    RBRACE  shift, and go to state 116


State 91

   23 Statement: Type ID SC .

    $default  reduce using rule 23 (Statement)


State 92

   24 Statement: Type ID ASSIGN . Exp SC
   38 Call: . ID $@8 LPAREN ExpList RPAREN
   40     | . ID $@9 LPAREN RPAREN
   46 Exp: . LPAREN Exp RPAREN
   47    | . ID LBRACK Exp RBRACK
   48    | . Exp SUB Exp
   49    | . Exp ADD Exp
   50    | . Exp MUL Exp
   51    | . Exp DIV Exp
   52    | . ID
   53    | . Call
   54    | . NUM
   55    | . NUM B
   56    | . STRING
   57    | . TRUE
   58    | . FALSE
   59    | . NOT Exp
   60    | . Exp AND Exp
   61    | . Exp OR Exp
   62    | . Exp EQ Exp
   63    | . Exp NEQ Exp
   64    | . Exp LT Exp
   65    | . Exp GT Exp
   66    | . Exp LTE Exp
   67    | . Exp GTE Exp

    ID      shift, and go to state 50
    NUM     shift, and go to state 51
    STRING  shift, and go to state 52
    TRUE    shift, and go to state 53
    FALSE   shift, and go to state 54
    NOT     shift, and go to state 56
    LPAREN  shift, and go to state 57

    Call  go to state 58
    Exp   go to state 117


State 93

   25 Statement: Type ID LBRACK . NUM RBRACK SC
   26          | Type ID LBRACK . NUM B RBRACK SC

    NUM  shift, and go to state 118


State 94

   27 Statement: ID ASSIGN Exp SC .

    $default  reduce using rule 27 (Statement)


State 95

   28 Statement: ID LBRACK Exp RBRACK . ASSIGN Exp SC

    ASSIGN  shift, and go to state 119


State 96

   38 Call: ID $@8 LPAREN ExpList . RPAREN

    RPAREN  shift, and go to state 120


State 97

   41 ExpList: Exp .  [RPAREN]
   42        | Exp . COMMA ExpList
   48 Exp: Exp . SUB Exp
   49    | Exp . ADD Exp
   50    | Exp . MUL Exp
   51    | Exp . DIV Exp
   60    | Exp . AND Exp
   61    | Exp . OR Exp
   62    | Exp . EQ Exp
   63    | Exp . NEQ Exp
   64    | Exp . LT Exp
   65    | Exp . GT Exp
   66    | Exp . LTE Exp
   67    | Exp . GTE Exp

    COMMA  shift, and go to state 121
    OR     shift, and go to state 76
    AND    shift, and go to state 77
    EQ     shift, and go to state 78
    NEQ    shift, and go to state 79
    LT     shift, and go to state 80
    GT     shift, and go to state 81
    LTE    shift, and go to state 82
    GTE    shift, and go to state 83
    ADD    shift, and go to state 84
    SUB    shift, and go to state 85
    DIV    shift, and go to state 86
    MUL    shift, and go to state 87

    $default  reduce using rule 41 (ExpList)


State 98

   40 Call: ID $@9 LPAREN RPAREN .

    $default  reduce using rule 40 (Call)


State 99

   32 Statement: IF LPAREN Exp RPAREN . OPENSCOPE Statement CLOSESCOPE
   33          | IF LPAREN Exp RPAREN . OPENSCOPE Statement CLOSESCOPE ELSE OPENSCOPE Statement CLOSESCOPE
   68 OPENSCOPE: . %empty

    $default  reduce using rule 68 (OPENSCOPE)

    OPENSCOPE  go to state 122


State 100

   47 Exp: ID LBRACK Exp . RBRACK
   48    | Exp . SUB Exp
   49    | Exp . ADD Exp
   50    | Exp . MUL Exp
   51    | Exp . DIV Exp
   60    | Exp . AND Exp
   61    | Exp . OR Exp
   62    | Exp . EQ Exp
   63    | Exp . NEQ Exp
   64    | Exp . LT Exp
   65    | Exp . GT Exp
   66    | Exp . LTE Exp
   67    | Exp . GTE Exp

    OR      shift, and go to state 76
    AND     shift, and go to state 77
    EQ      shift, and go to state 78
    NEQ     shift, and go to state 79
    LT      shift, and go to state 80
    GT      shift, and go to state 81
    LTE     shift, and go to state 82
    GTE     shift, and go to state 83
    ADD     shift, and go to state 84
    SUB     shift, and go to state 85
    DIV     shift, and go to state 86
    MUL     shift, and go to state 87
    RBRACK  shift, and go to state 123


State 101

   46 Exp: LPAREN Exp RPAREN .

    $default  reduce using rule 46 (Exp)


State 102

   48 Exp: Exp . SUB Exp
   49    | Exp . ADD Exp
   50    | Exp . MUL Exp
   51    | Exp . DIV Exp
   60    | Exp . AND Exp
   61    | Exp . OR Exp
   61    | Exp OR Exp .  [COMMA, SC, OR, RBRACK, RPAREN]
   62    | Exp . EQ Exp
   63    | Exp . NEQ Exp
   64    | Exp . LT Exp
   65    | Exp . GT Exp
   66    | Exp . LTE Exp
   67    | Exp . GTE Exp

    AND  shift, and go to state 77
    EQ   shift, and go to state 78
    NEQ  shift, and go to state 79
    LT   shift, and go to state 80
    GT   shift, and go to state 81
    LTE  shift, and go to state 82
    GTE  shift, and go to state 83
    ADD  shift, and go to state 84
    SUB  shift, and go to state 85
    DIV  shift, and go to state 86
    MUL  shift, and go to state 87

    $default  reduce using rule 61 (Exp)

    Conflict between rule 61 and token OR resolved as reduce (%left OR).
    Conflict between rule 61 and token AND resolved as shift (OR < AND).
    Conflict between rule 61 and token EQ resolved as shift (OR < EQ).
    Conflict between rule 61 and token NEQ resolved as shift (OR < NEQ).
    Conflict between rule 61 and token LT resolved as shift (OR < LT).
    Conflict between rule 61 and token GT resolved as shift (OR < GT).
    Conflict between rule 61 and token LTE resolved as shift (OR < LTE).
    Conflict between rule 61 and token GTE resolved as shift (OR < GTE).
    Conflict between rule 61 and token ADD resolved as shift (OR < ADD).
    Conflict between rule 61 and token SUB resolved as shift (OR < SUB).
    Conflict between rule 61 and token DIV resolved as shift (OR < DIV).
    Conflict between rule 61 and token MUL resolved as shift (OR < MUL).


State 103

   48 Exp: Exp . SUB Exp
   49    | Exp . ADD Exp
   50    | Exp . MUL Exp
   51    | Exp . DIV Exp
   60    | Exp . AND Exp
   60    | Exp AND Exp .  [COMMA, SC, OR, AND, RBRACK, RPAREN]
   61    | Exp . OR Exp
   62    | Exp . EQ Exp
   63    | Exp . NEQ Exp
   64    | Exp . LT Exp
   65    | Exp . GT Exp
   66    | Exp . LTE Exp
   67    | Exp . GTE Exp

    EQ   shift, and go to state 78
    NEQ  shift, and go to state 79
    LT   shift, and go to state 80
    GT   shift, and go to state 81
    LTE  shift, and go to state 82
    GTE  shift, and go to state 83
    ADD  shift, and go to state 84
    SUB  shift, and go to state 85
    DIV  shift, and go to state 86
    MUL  shift, and go to state 87

    $default  reduce using rule 60 (Exp)

    Conflict between rule 60 and token OR resolved as reduce (OR < AND).
    Conflict between rule 60 and token AND resolved as reduce (%left AND).
    Conflict between rule 60 and token EQ resolved as shift (AND < EQ).
    Conflict between rule 60 and token NEQ resolved as shift (AND < NEQ).
    Conflict between rule 60 and token LT resolved as shift (AND < LT).
    Conflict between rule 60 and token GT resolved as shift (AND < GT).
    Conflict between rule 60 and token LTE resolved as shift (AND < LTE).
    Conflict between rule 60 and token GTE resolved as shift (AND < GTE).
    Conflict between rule 60 and token ADD resolved as shift (AND < ADD).
    Conflict between rule 60 and token SUB resolved as shift (AND < SUB).
    Conflict between rule 60 and token DIV resolved as shift (AND < DIV).
    Conflict between rule 60 and token MUL resolved as shift (AND < MUL).


State 104

   48 Exp: Exp . SUB Exp
   49    | Exp . ADD Exp
   50    | Exp . MUL Exp
   51    | Exp . DIV Exp
   60    | Exp . AND Exp
   61    | Exp . OR Exp
   62    | Exp . EQ Exp
   62    | Exp EQ Exp .  [COMMA, SC, OR, AND, EQ, NEQ, RBRACK, RPAREN]
   63    | Exp . NEQ Exp
   64    | Exp . LT Exp
   65    | Exp . GT Exp
   66    | Exp . LTE Exp
   67    | Exp . GTE Exp

    LT   shift, and go to state 80
    GT   shift, and go to state 81
    LTE  shift, and go to state 82
    GTE  shift, and go to state 83
    ADD  shift, and go to state 84
    SUB  shift, and go to state 85
    DIV  shift, and go to state 86
    MUL  shift, and go to state 87

    $default  reduce using rule 62 (Exp)

    Conflict between rule 62 and token OR resolved as reduce (OR < EQ).
    Conflict between rule 62 and token AND resolved as reduce (AND < EQ).
    Conflict between rule 62 and token EQ resolved as reduce (%left EQ).
    Conflict between rule 62 and token NEQ resolved as reduce (%left NEQ).
    Conflict between rule 62 and token LT resolved as shift (EQ < LT).
    Conflict between rule 62 and token GT resolved as shift (EQ < GT).
    Conflict between rule 62 and token LTE resolved as shift (EQ < LTE).
    Conflict between rule 62 and token GTE resolved as shift (EQ < GTE).
    Conflict between rule 62 and token ADD resolved as shift (EQ < ADD).
    Conflict between rule 62 and token SUB resolved as shift (EQ < SUB).
    Conflict between rule 62 and token DIV resolved as shift (EQ < DIV).
    Conflict between rule 62 and token MUL resolved as shift (EQ < MUL).


State 105

   48 Exp: Exp . SUB Exp
   49    | Exp . ADD Exp
   50    | Exp . MUL Exp
   51    | Exp . DIV Exp
   60    | Exp . AND Exp
   61    | Exp . OR Exp
   62    | Exp . EQ Exp
   63    | Exp . NEQ Exp
   63    | Exp NEQ Exp .  [COMMA, SC, OR, AND, EQ, NEQ, RBRACK, RPAREN]
   64    | Exp . LT Exp
   65    | Exp . GT Exp
   66    | Exp . LTE Exp
   67    | Exp . GTE Exp

    LT   shift, and go to state 80
    GT   shift, and go to state 81
    LTE  shift, and go to state 82
    GTE  shift, and go to state 83
    ADD  shift, and go to state 84
    SUB  shift, and go to state 85
    DIV  shift, and go to state 86
    MUL  shift, and go to state 87

    $default  reduce using rule 63 (Exp)

    Conflict between rule 63 and token OR resolved as reduce (OR < NEQ).
    Conflict between rule 63 and token AND resolved as reduce (AND < NEQ).
    Conflict between rule 63 and token EQ resolved as reduce (%left EQ).
    Conflict between rule 63 and token NEQ resolved as reduce (%left NEQ).
    Conflict between rule 63 and token LT resolved as shift (NEQ < LT).
    Conflict between rule 63 and token GT resolved as shift (NEQ < GT).
    Conflict between rule 63 and token LTE resolved as shift (NEQ < LTE).
    Conflict between rule 63 and token GTE resolved as shift (NEQ < GTE).
    Conflict between rule 63 and token ADD resolved as shift (NEQ < ADD).
    Conflict between rule 63 and token SUB resolved as shift (NEQ < SUB).
    Conflict between rule 63 and token DIV resolved as shift (NEQ < DIV).
    Conflict between rule 63 and token MUL resolved as shift (NEQ < MUL).


State 106

   48 Exp: Exp . SUB Exp
   49    | Exp . ADD Exp
   50    | Exp . MUL Exp
   51    | Exp . DIV Exp
   60    | Exp . AND Exp
   61    | Exp . OR Exp
   62    | Exp . EQ Exp
   63    | Exp . NEQ Exp
   64    | Exp . LT Exp
   64    | Exp LT Exp .  [COMMA, SC, OR, AND, EQ, NEQ, RBRACK, RPAREN]
   65    | Exp . GT Exp
   66    | Exp . LTE Exp
   67    | Exp . GTE Exp

    ADD  shift, and go to state 84
    SUB  shift, and go to state 85
    DIV  shift, and go to state 86
    MUL  shift, and go to state 87

    LT   error (nonassociative)
    GT   error (nonassociative)
    LTE  error (nonassociative)
    GTE  error (nonassociative)

    $default  reduce using rule 64 (Exp)

    Conflict between rule 64 and token OR resolved as reduce (OR < LT).
    Conflict between rule 64 and token AND resolved as reduce (AND < LT).
    Conflict between rule 64 and token EQ resolved as reduce (EQ < LT).
    Conflict between rule 64 and token NEQ resolved as reduce (NEQ < LT).
    Conflict between rule 64 and token LT resolved as an error (%nonassoc LT).
    Conflict between rule 64 and token GT resolved as an error (%nonassoc GT).
    Conflict between rule 64 and token LTE resolved as an error (%nonassoc LTE).
    Conflict between rule 64 and token GTE resolved as an error (%nonassoc GTE).
    Conflict between rule 64 and token ADD resolved as shift (LT < ADD).
    Conflict between rule 64 and token SUB resolved as shift (LT < SUB).
    Conflict between rule 64 and token DIV resolved as shift (LT < DIV).
    Conflict between rule 64 and token MUL resolved as shift (LT < MUL).


State 107

   48 Exp: Exp . SUB Exp
   49    | Exp . ADD Exp
   50    | Exp . MUL Exp
   51    | Exp . DIV Exp
   60    | Exp . AND Exp
   61    | Exp . OR Exp
   62    | Exp . EQ Exp
   63    | Exp . NEQ Exp
   64    | Exp . LT Exp
   65    | Exp . GT Exp
   65    | Exp GT Exp .  [COMMA, SC, OR, AND, EQ, NEQ, RBRACK, RPAREN]
   66    | Exp . LTE Exp
   67    | Exp . GTE Exp

    ADD  shift, and go to state 84
    SUB  shift, and go to state 85
    DIV  shift, and go to state 86
    MUL  shift, and go to state 87

    LT   error (nonassociative)
    GT   error (nonassociative)
    LTE  error (nonassociative)
    GTE  error (nonassociative)

    $default  reduce using rule 65 (Exp)

    Conflict between rule 65 and token OR resolved as reduce (OR < GT).
    Conflict between rule 65 and token AND resolved as reduce (AND < GT).
    Conflict between rule 65 and token EQ resolved as reduce (EQ < GT).
    Conflict between rule 65 and token NEQ resolved as reduce (NEQ < GT).
    Conflict between rule 65 and token LT resolved as an error (%nonassoc LT).
    Conflict between rule 65 and token GT resolved as an error (%nonassoc GT).
    Conflict between rule 65 and token LTE resolved as an error (%nonassoc LTE).
    Conflict between rule 65 and token GTE resolved as an error (%nonassoc GTE).
    Conflict between rule 65 and token ADD resolved as shift (GT < ADD).
    Conflict between rule 65 and token SUB resolved as shift (GT < SUB).
    Conflict between rule 65 and token DIV resolved as shift (GT < DIV).
    Conflict between rule 65 and token MUL resolved as shift (GT < MUL).


State 108

   48 Exp: Exp . SUB Exp
   49    | Exp . ADD Exp
   50    | Exp . MUL Exp
   51    | Exp . DIV Exp
   60    | Exp . AND Exp
   61    | Exp . OR Exp
   62    | Exp . EQ Exp
   63    | Exp . NEQ Exp
   64    | Exp . LT Exp
   65    | Exp . GT Exp
   66    | Exp . LTE Exp
   66    | Exp LTE Exp .  [COMMA, SC, OR, AND, EQ, NEQ, RBRACK, RPAREN]
   67    | Exp . GTE Exp

    ADD  shift, and go to state 84
    SUB  shift, and go to state 85
    DIV  shift, and go to state 86
    MUL  shift, and go to state 87

    LT   error (nonassociative)
    GT   error (nonassociative)
    LTE  error (nonassociative)
    GTE  error (nonassociative)

    $default  reduce using rule 66 (Exp)

    Conflict between rule 66 and token OR resolved as reduce (OR < LTE).
    Conflict between rule 66 and token AND resolved as reduce (AND < LTE).
    Conflict between rule 66 and token EQ resolved as reduce (EQ < LTE).
    Conflict between rule 66 and token NEQ resolved as reduce (NEQ < LTE).
    Conflict between rule 66 and token LT resolved as an error (%nonassoc LT).
    Conflict between rule 66 and token GT resolved as an error (%nonassoc GT).
    Conflict between rule 66 and token LTE resolved as an error (%nonassoc LTE).
    Conflict between rule 66 and token GTE resolved as an error (%nonassoc GTE).
    Conflict between rule 66 and token ADD resolved as shift (LTE < ADD).
    Conflict between rule 66 and token SUB resolved as shift (LTE < SUB).
    Conflict between rule 66 and token DIV resolved as shift (LTE < DIV).
    Conflict between rule 66 and token MUL resolved as shift (LTE < MUL).


State 109

   48 Exp: Exp . SUB Exp
   49    | Exp . ADD Exp
   50    | Exp . MUL Exp
   51    | Exp . DIV Exp
   60    | Exp . AND Exp
   61    | Exp . OR Exp
   62    | Exp . EQ Exp
   63    | Exp . NEQ Exp
   64    | Exp . LT Exp
   65    | Exp . GT Exp
   66    | Exp . LTE Exp
   67    | Exp . GTE Exp
   67    | Exp GTE Exp .  [COMMA, SC, OR, AND, EQ, NEQ, RBRACK, RPAREN]

    ADD  shift, and go to state 84
    SUB  shift, and go to state 85
    DIV  shift, and go to state 86
    MUL  shift, and go to state 87

    LT   error (nonassociative)
    GT   error (nonassociative)
    LTE  error (nonassociative)
    GTE  error (nonassociative)

    $default  reduce using rule 67 (Exp)

    Conflict between rule 67 and token OR resolved as reduce (OR < GTE).
    Conflict between rule 67 and token AND resolved as reduce (AND < GTE).
    Conflict between rule 67 and token EQ resolved as reduce (EQ < GTE).
    Conflict between rule 67 and token NEQ resolved as reduce (NEQ < GTE).
    Conflict between rule 67 and token LT resolved as an error (%nonassoc LT).
    Conflict between rule 67 and token GT resolved as an error (%nonassoc GT).
    Conflict between rule 67 and token LTE resolved as an error (%nonassoc LTE).
    Conflict between rule 67 and token GTE resolved as an error (%nonassoc GTE).
    Conflict between rule 67 and token ADD resolved as shift (GTE < ADD).
    Conflict between rule 67 and token SUB resolved as shift (GTE < SUB).
    Conflict between rule 67 and token DIV resolved as shift (GTE < DIV).
    Conflict between rule 67 and token MUL resolved as shift (GTE < MUL).


State 110

   48 Exp: Exp . SUB Exp
   49    | Exp . ADD Exp
   49    | Exp ADD Exp .  [COMMA, SC, OR, AND, EQ, NEQ, LT, GT, LTE, GTE, ADD, SUB, RBRACK, RPAREN]
   50    | Exp . MUL Exp
   51    | Exp . DIV Exp
   60    | Exp . AND Exp
   61    | Exp . OR Exp
   62    | Exp . EQ Exp
   63    | Exp . NEQ Exp
   64    | Exp . LT Exp
   65    | Exp . GT Exp
   66    | Exp . LTE Exp
   67    | Exp . GTE Exp

    DIV  shift, and go to state 86
    MUL  shift, and go to state 87

    $default  reduce using rule 49 (Exp)

    Conflict between rule 49 and token OR resolved as reduce (OR < ADD).
    Conflict between rule 49 and token AND resolved as reduce (AND < ADD).
    Conflict between rule 49 and token EQ resolved as reduce (EQ < ADD).
    Conflict between rule 49 and token NEQ resolved as reduce (NEQ < ADD).
    Conflict between rule 49 and token LT resolved as reduce (LT < ADD).
    Conflict between rule 49 and token GT resolved as reduce (GT < ADD).
    Conflict between rule 49 and token LTE resolved as reduce (LTE < ADD).
    Conflict between rule 49 and token GTE resolved as reduce (GTE < ADD).
    Conflict between rule 49 and token ADD resolved as reduce (%left ADD).
    Conflict between rule 49 and token SUB resolved as reduce (%left SUB).
    Conflict between rule 49 and token DIV resolved as shift (ADD < DIV).
    Conflict between rule 49 and token MUL resolved as shift (ADD < MUL).


State 111

   48 Exp: Exp . SUB Exp
   48    | Exp SUB Exp .  [COMMA, SC, OR, AND, EQ, NEQ, LT, GT, LTE, GTE, ADD, SUB, RBRACK, RPAREN]
   49    | Exp . ADD Exp
   50    | Exp . MUL Exp
   51    | Exp . DIV Exp
   60    | Exp . AND Exp
   61    | Exp . OR Exp
   62    | Exp . EQ Exp
   63    | Exp . NEQ Exp
   64    | Exp . LT Exp
   65    | Exp . GT Exp
   66    | Exp . LTE Exp
   67    | Exp . GTE Exp

    DIV  shift, and go to state 86
    MUL  shift, and go to state 87

    $default  reduce using rule 48 (Exp)

    Conflict between rule 48 and token OR resolved as reduce (OR < SUB).
    Conflict between rule 48 and token AND resolved as reduce (AND < SUB).
    Conflict between rule 48 and token EQ resolved as reduce (EQ < SUB).
    Conflict between rule 48 and token NEQ resolved as reduce (NEQ < SUB).
    Conflict between rule 48 and token LT resolved as reduce (LT < SUB).
    Conflict between rule 48 and token GT resolved as reduce (GT < SUB).
    Conflict between rule 48 and token LTE resolved as reduce (LTE < SUB).
    Conflict between rule 48 and token GTE resolved as reduce (GTE < SUB).
    Conflict between rule 48 and token ADD resolved as reduce (%left ADD).
    Conflict between rule 48 and token SUB resolved as reduce (%left SUB).
    Conflict between rule 48 and token DIV resolved as shift (SUB < DIV).
    Conflict between rule 48 and token MUL resolved as shift (SUB < MUL).


State 112

   48 Exp: Exp . SUB Exp
   49    | Exp . ADD Exp
   50    | Exp . MUL Exp
   51    | Exp . DIV Exp
   51    | Exp DIV Exp .  [COMMA, SC, OR, AND, EQ, NEQ, LT, GT, LTE, GTE, ADD, SUB, DIV, MUL, RBRACK, RPAREN]
   60    | Exp . AND Exp
   61    | Exp . OR Exp
   62    | Exp . EQ Exp
   63    | Exp . NEQ Exp
   64    | Exp . LT Exp
   65    | Exp . GT Exp
   66    | Exp . LTE Exp
   67    | Exp . GTE Exp

    $default  reduce using rule 51 (Exp)

    Conflict between rule 51 and token OR resolved as reduce (OR < DIV).
    Conflict between rule 51 and token AND resolved as reduce (AND < DIV).
    Conflict between rule 51 and token EQ resolved as reduce (EQ < DIV).
    Conflict between rule 51 and token NEQ resolved as reduce (NEQ < DIV).
    Conflict between rule 51 and token LT resolved as reduce (LT < DIV).
    Conflict between rule 51 and token GT resolved as reduce (GT < DIV).
    Conflict between rule 51 and token LTE resolved as reduce (LTE < DIV).
    Conflict between rule 51 and token GTE resolved as reduce (GTE < DIV).
    Conflict between rule 51 and token ADD resolved as reduce (ADD < DIV).
    Conflict between rule 51 and token SUB resolved as reduce (SUB < DIV).
    Conflict between rule 51 and token DIV resolved as reduce (%left DIV).
    Conflict between rule 51 and token MUL resolved as reduce (%left MUL).


State 113

   48 Exp: Exp . SUB Exp
   49    | Exp . ADD Exp
   50    | Exp . MUL Exp
   50    | Exp MUL Exp .  [COMMA, SC, OR, AND, EQ, NEQ, LT, GT, LTE, GTE, ADD, SUB, DIV, MUL, RBRACK, RPAREN]
   51    | Exp . DIV Exp
   60    | Exp . AND Exp
   61    | Exp . OR Exp
   62    | Exp . EQ Exp
   63    | Exp . NEQ Exp
   64    | Exp . LT Exp
   65    | Exp . GT Exp
   66    | Exp . LTE Exp
   67    | Exp . GTE Exp

    $default  reduce using rule 50 (Exp)

    Conflict between rule 50 and token OR resolved as reduce (OR < MUL).
    Conflict between rule 50 and token AND resolved as reduce (AND < MUL).
    Conflict between rule 50 and token EQ resolved as reduce (EQ < MUL).
    Conflict between rule 50 and token NEQ resolved as reduce (NEQ < MUL).
    Conflict between rule 50 and token LT resolved as reduce (LT < MUL).
    Conflict between rule 50 and token GT resolved as reduce (GT < MUL).
    Conflict between rule 50 and token LTE resolved as reduce (LTE < MUL).
    Conflict between rule 50 and token GTE resolved as reduce (GTE < MUL).
    Conflict between rule 50 and token ADD resolved as reduce (ADD < MUL).
    Conflict between rule 50 and token SUB resolved as reduce (SUB < MUL).
    Conflict between rule 50 and token DIV resolved as reduce (%left DIV).
    Conflict between rule 50 and token MUL resolved as reduce (%left MUL).


State 114

   34 $@7: . %empty
   35 Statement: WHILE LPAREN Exp RPAREN . $@7 OPENSCOPE Statement CLOSESCOPE

    $default  reduce using rule 34 ($@7)

    $@7  go to state 124


State 115

   22 Statement: LBRACE OPENSCOPE Statments CLOSESCOPE . RBRACE

    RBRACE  shift, and go to state 125


State 116

   10 FuncDecl: RetType $@2 ID $@3 $@4 LPAREN Formals RPAREN LBRACE OPENSCOPE $@5 Statments $@6 CLOSESCOPE RBRACE .

    $default  reduce using rule 10 (FuncDecl)


State 117

   24 Statement: Type ID ASSIGN Exp . SC
   48 Exp: Exp . SUB Exp
   49    | Exp . ADD Exp
   50    | Exp . MUL Exp
   51    | Exp . DIV Exp
   60    | Exp . AND Exp
   61    | Exp . OR Exp
   62    | Exp . EQ Exp
   63    | Exp . NEQ Exp
   64    | Exp . LT Exp
   65    | Exp . GT Exp
   66    | Exp . LTE Exp
   67    | Exp . GTE Exp

    SC   shift, and go to state 126
    OR   shift, and go to state 76
    AND  shift, and go to state 77
    EQ   shift, and go to state 78
    NEQ  shift, and go to state 79
    LT   shift, and go to state 80
    GT   shift, and go to state 81
    LTE  shift, and go to state 82
    GTE  shift, and go to state 83
    ADD  shift, and go to state 84
    SUB  shift, and go to state 85
    DIV  shift, and go to state 86
    MUL  shift, and go to state 87


State 118

   25 Statement: Type ID LBRACK NUM . RBRACK SC
   26          | Type ID LBRACK NUM . B RBRACK SC

    B       shift, and go to state 127
    RBRACK  shift, and go to state 128


State 119

   28 Statement: ID LBRACK Exp RBRACK ASSIGN . Exp SC
   38 Call: . ID $@8 LPAREN ExpList RPAREN
   40     | . ID $@9 LPAREN RPAREN
   46 Exp: . LPAREN Exp RPAREN
   47    | . ID LBRACK Exp RBRACK
   48    | . Exp SUB Exp
   49    | . Exp ADD Exp
   50    | . Exp MUL Exp
   51    | . Exp DIV Exp
   52    | . ID
   53    | . Call
   54    | . NUM
   55    | . NUM B
   56    | . STRING
   57    | . TRUE
   58    | . FALSE
   59    | . NOT Exp
   60    | . Exp AND Exp
   61    | . Exp OR Exp
   62    | . Exp EQ Exp
   63    | . Exp NEQ Exp
   64    | . Exp LT Exp
   65    | . Exp GT Exp
   66    | . Exp LTE Exp
   67    | . Exp GTE Exp

    ID      shift, and go to state 50
    NUM     shift, and go to state 51
    STRING  shift, and go to state 52
    TRUE    shift, and go to state 53
    FALSE   shift, and go to state 54
    NOT     shift, and go to state 56
    LPAREN  shift, and go to state 57

    Call  go to state 58
    Exp   go to state 129


State 120

   38 Call: ID $@8 LPAREN ExpList RPAREN .

    $default  reduce using rule 38 (Call)


State 121

   38 Call: . ID $@8 LPAREN ExpList RPAREN
   40     | . ID $@9 LPAREN RPAREN
   41 ExpList: . Exp
   42        | . Exp COMMA ExpList
   42        | Exp COMMA . ExpList
   46 Exp: . LPAREN Exp RPAREN
   47    | . ID LBRACK Exp RBRACK
   48    | . Exp SUB Exp
   49    | . Exp ADD Exp
   50    | . Exp MUL Exp
   51    | . Exp DIV Exp
   52    | . ID
   53    | . Call
   54    | . NUM
   55    | . NUM B
   56    | . STRING
   57    | . TRUE
   58    | . FALSE
   59    | . NOT Exp
   60    | . Exp AND Exp
   61    | . Exp OR Exp
   62    | . Exp EQ Exp
   63    | . Exp NEQ Exp
   64    | . Exp LT Exp
   65    | . Exp GT Exp
   66    | . Exp LTE Exp
   67    | . Exp GTE Exp

    ID      shift, and go to state 50
    NUM     shift, and go to state 51
    STRING  shift, and go to state 52
    TRUE    shift, and go to state 53
    FALSE   shift, and go to state 54
    NOT     shift, and go to state 56
    LPAREN  shift, and go to state 57

    Call     go to state 58
    ExpList  go to state 130
    Exp      go to state 97


State 122

   22 Statement: . LBRACE OPENSCOPE Statments CLOSESCOPE RBRACE
   23          | . Type ID SC
   24          | . Type ID ASSIGN Exp SC
   25          | . Type ID LBRACK NUM RBRACK SC
   26          | . Type ID LBRACK NUM B RBRACK SC
   27          | . ID ASSIGN Exp SC
   28          | . ID LBRACK Exp RBRACK ASSIGN Exp SC
   29          | . Call SC
   30          | . RETURN SC
   31          | . RETURN Exp SC
   32          | . IF LPAREN Exp RPAREN OPENSCOPE Statement CLOSESCOPE
   32          | IF LPAREN Exp RPAREN OPENSCOPE . Statement CLOSESCOPE
   33          | . IF LPAREN Exp RPAREN OPENSCOPE Statement CLOSESCOPE ELSE OPENSCOPE Statement CLOSESCOPE
   33          | IF LPAREN Exp RPAREN OPENSCOPE . Statement CLOSESCOPE ELSE OPENSCOPE Statement CLOSESCOPE
   35          | . WHILE LPAREN Exp RPAREN $@7 OPENSCOPE Statement CLOSESCOPE
   36          | . BREAK SC
   38 Call: . ID $@8 LPAREN ExpList RPAREN
   40     | . ID $@9 LPAREN RPAREN
   43 Type: . INT
   44     | . BYTE
   45     | . BOOL

    ID      shift, and go to state 33
    INT     shift, and go to state 5
    BOOL    shift, and go to state 6
    BREAK   shift, and go to state 34
    BYTE    shift, and go to state 7
    IF      shift, and go to state 35
    RETURN  shift, and go to state 36
    WHILE   shift, and go to state 37
    LBRACE  shift, and go to state 38

    Statement  go to state 131
    Call       go to state 41
    Type       go to state 42


State 123

   47 Exp: ID LBRACK Exp RBRACK .

    $default  reduce using rule 47 (Exp)


State 124

   35 Statement: WHILE LPAREN Exp RPAREN $@7 . OPENSCOPE Statement CLOSESCOPE
   68 OPENSCOPE: . %empty

    $default  reduce using rule 68 (OPENSCOPE)

    OPENSCOPE  go to state 132


State 125

   22 Statement: LBRACE OPENSCOPE Statments CLOSESCOPE RBRACE .

    $default  reduce using rule 22 (Statement)


State 126

   24 Statement: Type ID ASSIGN Exp SC .

    $default  reduce using rule 24 (Statement)


State 127

   26 Statement: Type ID LBRACK NUM B . RBRACK SC

    RBRACK  shift, and go to state 133


State 128

   25 Statement: Type ID LBRACK NUM RBRACK . SC

    SC  shift, and go to state 134


State 129

   28 Statement: ID LBRACK Exp RBRACK ASSIGN Exp . SC
   48 Exp: Exp . SUB Exp
   49    | Exp . ADD Exp
   50    | Exp . MUL Exp
   51    | Exp . DIV Exp
   60    | Exp . AND Exp
   61    | Exp . OR Exp
   62    | Exp . EQ Exp
   63    | Exp . NEQ Exp
   64    | Exp . LT Exp
   65    | Exp . GT Exp
   66    | Exp . LTE Exp
   67    | Exp . GTE Exp

    SC   shift, and go to state 135
    OR   shift, and go to state 76
    AND  shift, and go to state 77
    EQ   shift, and go to state 78
    NEQ  shift, and go to state 79
    LT   shift, and go to state 80
    GT   shift, and go to state 81
    LTE  shift, and go to state 82
    GTE  shift, and go to state 83
    ADD  shift, and go to state 84
    SUB  shift, and go to state 85
    DIV  shift, and go to state 86
    MUL  shift, and go to state 87


State 130

   42 ExpList: Exp COMMA ExpList .

    $default  reduce using rule 42 (ExpList)


State 131

   32 Statement: IF LPAREN Exp RPAREN OPENSCOPE Statement . CLOSESCOPE
   33          | IF LPAREN Exp RPAREN OPENSCOPE Statement . CLOSESCOPE ELSE OPENSCOPE Statement CLOSESCOPE
   69 CLOSESCOPE: . %empty

    $default  reduce using rule 69 (CLOSESCOPE)

    CLOSESCOPE  go to state 136


State 132

   22 Statement: . LBRACE OPENSCOPE Statments CLOSESCOPE RBRACE
   23          | . Type ID SC
   24          | . Type ID ASSIGN Exp SC
   25          | . Type ID LBRACK NUM RBRACK SC
   26          | . Type ID LBRACK NUM B RBRACK SC
   27          | . ID ASSIGN Exp SC
   28          | . ID LBRACK Exp RBRACK ASSIGN Exp SC
   29          | . Call SC
   30          | . RETURN SC
   31          | . RETURN Exp SC
   32          | . IF LPAREN Exp RPAREN OPENSCOPE Statement CLOSESCOPE
   33          | . IF LPAREN Exp RPAREN OPENSCOPE Statement CLOSESCOPE ELSE OPENSCOPE Statement CLOSESCOPE
   35          | . WHILE LPAREN Exp RPAREN $@7 OPENSCOPE Statement CLOSESCOPE
   35          | WHILE LPAREN Exp RPAREN $@7 OPENSCOPE . Statement CLOSESCOPE
   36          | . BREAK SC
   38 Call: . ID $@8 LPAREN ExpList RPAREN
   40     | . ID $@9 LPAREN RPAREN
   43 Type: . INT
   44     | . BYTE
   45     | . BOOL

    ID      shift, and go to state 33
    INT     shift, and go to state 5
    BOOL    shift, and go to state 6
    BREAK   shift, and go to state 34
    BYTE    shift, and go to state 7
    IF      shift, and go to state 35
    RETURN  shift, and go to state 36
    WHILE   shift, and go to state 37
    LBRACE  shift, and go to state 38

    Statement  go to state 137
    Call       go to state 41
    Type       go to state 42


State 133

   26 Statement: Type ID LBRACK NUM B RBRACK . SC

    SC  shift, and go to state 138


State 134

   25 Statement: Type ID LBRACK NUM RBRACK SC .

    $default  reduce using rule 25 (Statement)


State 135

   28 Statement: ID LBRACK Exp RBRACK ASSIGN Exp SC .

    $default  reduce using rule 28 (Statement)


State 136

   32 Statement: IF LPAREN Exp RPAREN OPENSCOPE Statement CLOSESCOPE .  [ID, INT, BOOL, BREAK, BYTE, IF, RETURN, WHILE, LBRACE, RBRACE]
   33          | IF LPAREN Exp RPAREN OPENSCOPE Statement CLOSESCOPE . ELSE OPENSCOPE Statement CLOSESCOPE

    ELSE  shift, and go to state 139

    $default  reduce using rule 32 (Statement)

    Conflict between rule 32 and token ELSE resolved as shift (IFX < ELSE).


State 137

   35 Statement: WHILE LPAREN Exp RPAREN $@7 OPENSCOPE Statement . CLOSESCOPE
   69 CLOSESCOPE: . %empty

    $default  reduce using rule 69 (CLOSESCOPE)

    CLOSESCOPE  go to state 140


State 138

   26 Statement: Type ID LBRACK NUM B RBRACK SC .

    $default  reduce using rule 26 (Statement)


State 139

   33 Statement: IF LPAREN Exp RPAREN OPENSCOPE Statement CLOSESCOPE ELSE . OPENSCOPE Statement CLOSESCOPE
   68 OPENSCOPE: . %empty

    $default  reduce using rule 68 (OPENSCOPE)

    OPENSCOPE  go to state 141


State 140

   35 Statement: WHILE LPAREN Exp RPAREN $@7 OPENSCOPE Statement CLOSESCOPE .

    $default  reduce using rule 35 (Statement)


State 141

   22 Statement: . LBRACE OPENSCOPE Statments CLOSESCOPE RBRACE
   23          | . Type ID SC
   24          | . Type ID ASSIGN Exp SC
   25          | . Type ID LBRACK NUM RBRACK SC
   26          | . Type ID LBRACK NUM B RBRACK SC
   27          | . ID ASSIGN Exp SC
   28          | . ID LBRACK Exp RBRACK ASSIGN Exp SC
   29          | . Call SC
   30          | . RETURN SC
   31          | . RETURN Exp SC
   32          | . IF LPAREN Exp RPAREN OPENSCOPE Statement CLOSESCOPE
   33          | . IF LPAREN Exp RPAREN OPENSCOPE Statement CLOSESCOPE ELSE OPENSCOPE Statement CLOSESCOPE
   33          | IF LPAREN Exp RPAREN OPENSCOPE Statement CLOSESCOPE ELSE OPENSCOPE . Statement CLOSESCOPE
   35          | . WHILE LPAREN Exp RPAREN $@7 OPENSCOPE Statement CLOSESCOPE
   36          | . BREAK SC
   38 Call: . ID $@8 LPAREN ExpList RPAREN
   40     | . ID $@9 LPAREN RPAREN
   43 Type: . INT
   44     | . BYTE
   45     | . BOOL

    ID      shift, and go to state 33
    INT     shift, and go to state 5
    BOOL    shift, and go to state 6
    BREAK   shift, and go to state 34
    BYTE    shift, and go to state 7
    IF      shift, and go to state 35
    RETURN  shift, and go to state 36
    WHILE   shift, and go to state 37
    LBRACE  shift, and go to state 38

    Statement  go to state 142
    Call       go to state 41
    Type       go to state 42


State 142

   33 Statement: IF LPAREN Exp RPAREN OPENSCOPE Statement CLOSESCOPE ELSE OPENSCOPE Statement . CLOSESCOPE
   69 CLOSESCOPE: . %empty

    $default  reduce using rule 69 (CLOSESCOPE)

    CLOSESCOPE  go to state 143


State 143

   33 Statement: IF LPAREN Exp RPAREN OPENSCOPE Statement CLOSESCOPE ELSE OPENSCOPE Statement CLOSESCOPE .

    $default  reduce using rule 33 (Statement)
